<?xml version="1.0" encoding="UTF-8"?>
<!-- Generated by org.testng.reporters.JUnitReportReporter -->
<testsuite hostname="DESKTOP-2L7QON7" failures="0" tests="1" name="com.mov.qa.testcases.LoginPageTest" time="69.157" errors="0" timestamp="24 Nov 2022 15:02:09 GMT" skipped="0">
  <testcase classname="com.mov.qa.testcases.LoginPageTest" name="loginPageTitleTest" time="69.157"/>
</testsuite> <!-- com.mov.qa.testcases.LoginPageTest -->
